<?xml version="1.0" encoding="UTF-8"?>
<testng-results skipped="0" failed="0" total="1" passed="1">
  <reporter-output>
  </reporter-output>
  <suite name="Default suite" duration-ms="5299" started-at="2017-01-14T18:14:42Z" finished-at="2017-01-14T18:14:47Z">
    <groups>
    </groups>
    <test name="Default test" duration-ms="5299" started-at="2017-01-14T18:14:42Z" finished-at="2017-01-14T18:14:47Z">
      <class name="tim9.Selenium.MainTest">
        <test-method status="PASS" signature="setupSelenium()[pri:0, instance:tim9.Selenium.MainTest@5c3bd550]" name="setupSelenium" is-config="true" duration-ms="5271" started-at="2017-01-14T19:14:42Z" finished-at="2017-01-14T19:14:47Z">
          <reporter-output>
          </reporter-output>
        </test-method> <!-- setupSelenium -->
        <test-method status="PASS" signature="test()[pri:0, instance:tim9.Selenium.MainTest@5c3bd550]" name="test" duration-ms="7" started-at="2017-01-14T19:14:47Z" finished-at="2017-01-14T19:14:47Z">
          <reporter-output>
          </reporter-output>
        </test-method> <!-- test -->
      </class> <!-- tim9.Selenium.MainTest -->
    </test> <!-- Default test -->
  </suite> <!-- Default suite -->
</testng-results>
