<?xml version="1.0" encoding="UTF-8"?>
<!-- Generated by org.testng.reporters.JUnitXMLReporter -->
<testsuite hostname="ANA-PC" name="Default test(failed)" tests="1" failures="1" timestamp="21 Jan 2017 17:36:22 GMT" time="13.2" errors="0">
  <testcase name="testComment" time="8.762" classname="tim9.Selenium.advertisement.TestComment">
    <failure type="java.lang.NullPointerException">
      <![CDATA[java.lang.NullPointerException
	at org.openqa.selenium.support.ui.ExpectedConditions$20.apply(ExpectedConditions.java:582)
	at org.openqa.selenium.support.ui.ExpectedConditions$20.apply(ExpectedConditions.java:578)
	at org.openqa.selenium.support.ui.FluentWait.until(FluentWait.java:238)
	at tim9.Selenium.MainPage.ensureLoginIsClosed(MainPage.java:82)
	at tim9.Selenium.advertisement.TestComment.testComment(TestComment.java:68)
... Removed 24 stack frames]]>
    </failure>
  </testcase> <!-- testComment -->
</testsuite> <!-- Default test(failed) -->
